#
# There is insufficient memory for the Java Runtime Environment to continue.
# Native memory allocation (malloc) failed to allocate 73056 bytes for Chunk::new
# Possible reasons:
#   The system is out of physical RAM or swap space
#   The process is running with CompressedOops enabled, and the Java Heap may be blocking the growth of the native heap
# Possible solutions:
#   Reduce memory load on the system
#   Increase physical memory or swap space
#   Check if swap backing store is full
#   Decrease Java heap size (-Xmx/-Xms)
#   Decrease number of Java threads
#   Decrease Java thread stack sizes (-Xss)
#   Set larger code cache with -XX:ReservedCodeCacheSize=
#   JVM is running with Unscaled Compressed Oops mode in which the Java heap is
#     placed in the first 4GB address space. The Java Heap base address is the
#     maximum limit for the native heap growth. Please use -XX:HeapBaseMinAddress
#     to set the Java Heap base and to place the Java Heap above 4GB virtual address.
# This output file may be truncated or incomplete.
#
#  Out of Memory Error (arena.cpp:189), pid=16376, tid=12328
#
# JRE version: Java(TM) SE Runtime Environment (17.0.8+9) (build 17.0.8+9-LTS-211)
# Java VM: Java HotSpot(TM) 64-Bit Server VM (17.0.8+9-LTS-211, mixed mode, sharing, tiered, compressed oops, compressed class ptrs, g1 gc, windows-amd64)
# No core dump will be written. Minidumps are not enabled by default on client versions of Windows
#

---------------  S U M M A R Y ------------

Command Line: -Dfile.encoding=windows-1252 -Duser.country=IN -Duser.language=en -Duser.variant in.learnjavaskills.bookmymovieservice.BookMyMovieServiceApplication

Host: Intel(R) Core(TM) i3-7100U CPU @ 2.40GHz, 4 cores, 7G,  Windows 10 , 64 bit Build 19041 (10.0.19041.3636)
Time: Fri Dec  8 18:54:25 2023 India Standard Time elapsed time: 0.538633 seconds (0d 0h 0m 0s)

---------------  T H R E A D  ---------------

Current thread (0x0000018b3ed55d90):  JavaThread "C2 CompilerThread0" daemon [_thread_in_native, id=12328, stack(0x0000005f4b200000,0x0000005f4b300000)]


Current CompileTask:
C2:    538  123       4       java.util.zip.ZipCoder$UTF8ZipCoder::checkedHash (91 bytes)

Stack: [0x0000005f4b200000,0x0000005f4b300000]
Native frames: (J=compiled Java code, j=interpreted, Vv=VM code, C=native code)
V  [jvm.dll+0x677d0a]
V  [jvm.dll+0x7d8c54]
V  [jvm.dll+0x7da3fe]
V  [jvm.dll+0x7daa63]
V  [jvm.dll+0x245c5f]
V  [jvm.dll+0xaaa6b]
V  [jvm.dll+0xab00c]
V  [jvm.dll+0x361e8e]
V  [jvm.dll+0x32c551]
V  [jvm.dll+0x32b9ea]
V  [jvm.dll+0x217fff]
V  [jvm.dll+0x217431]
V  [jvm.dll+0x1a3af0]
V  [jvm.dll+0x2270be]
V  [jvm.dll+0x22535b]
V  [jvm.dll+0x78e7bc]
V  [jvm.dll+0x788bba]
V  [jvm.dll+0x676b35]
C  [ucrtbase.dll+0x21bb2]
C  [KERNEL32.DLL+0x17344]
C  [ntdll.dll+0x526b1]


---------------  P R O C E S S  ---------------

Threads class SMR info:
_java_thread_list=0x0000018b841d2720, length=12, elements={
0x0000018b3ed35930, 0x0000018b3ed36f40, 0x0000018b3ed4a4e0, 0x0000018b3ed4c0a0,
0x0000018b3ed4f200, 0x0000018b3ed51360, 0x0000018b3ed55d90, 0x0000018b3ed56fd0,
0x0000018b3ed62940, 0x0000018b840b8700, 0x0000018b840ca5e0, 0x0000018b21490da0
}

Java Threads: ( => current thread )
  0x0000018b3ed35930 JavaThread "Reference Handler" daemon [_thread_blocked, id=18664, stack(0x0000005f4ac00000,0x0000005f4ad00000)]
  0x0000018b3ed36f40 JavaThread "Finalizer" daemon [_thread_blocked, id=2508, stack(0x0000005f4ad00000,0x0000005f4ae00000)]
  0x0000018b3ed4a4e0 JavaThread "Signal Dispatcher" daemon [_thread_blocked, id=10532, stack(0x0000005f4ae00000,0x0000005f4af00000)]
  0x0000018b3ed4c0a0 JavaThread "Attach Listener" daemon [_thread_blocked, id=3616, stack(0x0000005f4af00000,0x0000005f4b000000)]
  0x0000018b3ed4f200 JavaThread "Service Thread" daemon [_thread_blocked, id=14772, stack(0x0000005f4b000000,0x0000005f4b100000)]
  0x0000018b3ed51360 JavaThread "Monitor Deflation Thread" daemon [_thread_blocked, id=2300, stack(0x0000005f4b100000,0x0000005f4b200000)]
=>0x0000018b3ed55d90 JavaThread "C2 CompilerThread0" daemon [_thread_in_native, id=12328, stack(0x0000005f4b200000,0x0000005f4b300000)]
  0x0000018b3ed56fd0 JavaThread "C1 CompilerThread0" daemon [_thread_blocked, id=13608, stack(0x0000005f4b300000,0x0000005f4b400000)]
  0x0000018b3ed62940 JavaThread "Sweeper thread" daemon [_thread_blocked, id=10356, stack(0x0000005f4b400000,0x0000005f4b500000)]
  0x0000018b840b8700 JavaThread "Notification Thread" daemon [_thread_blocked, id=9384, stack(0x0000005f4b500000,0x0000005f4b600000)]
  0x0000018b840ca5e0 JavaThread "Common-Cleaner" daemon [_thread_blocked, id=8572, stack(0x0000005f4b700000,0x0000005f4b800000)]
  0x0000018b21490da0 JavaThread "DestroyJavaVM" [_thread_blocked, id=9056, stack(0x0000005f4a500000,0x0000005f4a600000)]

Other Threads:
  0x0000018b3ed30590 VMThread "VM Thread" [stack: 0x0000005f4ab00000,0x0000005f4ac00000] [id=18132]
  0x0000018b21506860 WatcherThread [stack: 0x0000005f4b600000,0x0000005f4b700000] [id=13900]
  0x0000018b214eeb00 GCTaskThread "GC Thread#0" [stack: 0x0000005f4a600000,0x0000005f4a700000] [id=18468]
  0x0000018b214ff7c0 ConcurrentGCThread "G1 Main Marker" [stack: 0x0000005f4a700000,0x0000005f4a800000] [id=17968]
  0x0000018b21500970 ConcurrentGCThread "G1 Conc#0" [stack: 0x0000005f4a800000,0x0000005f4a900000] [id=9492]
  0x0000018b3ebf00a0 ConcurrentGCThread "G1 Refine#0" [stack: 0x0000005f4a900000,0x0000005f4aa00000] [id=18476]
  0x0000018b3ebf0ac0 ConcurrentGCThread "G1 Service" [stack: 0x0000005f4aa00000,0x0000005f4ab00000] [id=4352]

Threads with active compile tasks:
C2 CompilerThread0     4237  123       4       java.util.zip.ZipCoder$UTF8ZipCoder::checkedHash (91 bytes)

VM state: not at safepoint (normal execution)

VM Mutex/Monitor currently owned by a thread: None

OutOfMemory and StackOverflow Exception counts:
StackOverflowErrors=1

Heap address: 0x0000000081400000, size: 2028 MB, Compressed Oops mode: 32-bit

CDS archive(s) mapped at: [0x0000018b3f000000-0x0000018b3fbd0000-0x0000018b3fbd0000), size 12386304, SharedBaseAddress: 0x0000018b3f000000, ArchiveRelocationMode: 1.
Compressed class space mapped at: 0x0000018b40000000-0x0000018b80000000, reserved size: 1073741824
Narrow klass base: 0x0000018b3f000000, Narrow klass shift: 0, Narrow klass range: 0x100000000

GC Precious Log:
 CPUs: 4 total, 4 available
 Memory: 8107M
 Large Page Support: Disabled
 NUMA Support: Disabled
 Compressed Oops: Enabled (32-bit)
 Heap Region Size: 1M
 Heap Min Capacity: 8M
 Heap Initial Capacity: 128M
 Heap Max Capacity: 2028M
 Pre-touch: Disabled
 Parallel Workers: 4
 Concurrent Workers: 1
 Concurrent Refinement Workers: 4
 Periodic GC: Disabled

Heap:
 garbage-first heap   total 131072K, used 1024K [0x0000000081400000, 0x0000000100000000)
  region size 1024K, 3 young (3072K), 0 survivors (0K)
 Metaspace       used 289K, committed 448K, reserved 1114112K
  class space    used 15K, committed 128K, reserved 1048576K

Heap Regions: E=young(eden), S=young(survivor), O=old, HS=humongous(starts), HC=humongous(continues), CS=collection set, F=free, OA=open archive, CA=closed archive, TAMS=top-at-mark-start (previous, next)
|   0|0x0000000081400000, 0x0000000081400000, 0x0000000081500000|  0%| F|  |TAMS 0x0000000081400000, 0x0000000081400000| Untracked 
|   1|0x0000000081500000, 0x0000000081500000, 0x0000000081600000|  0%| F|  |TAMS 0x0000000081500000, 0x0000000081500000| Untracked 
|   2|0x0000000081600000, 0x0000000081600000, 0x0000000081700000|  0%| F|  |TAMS 0x0000000081600000, 0x0000000081600000| Untracked 
|   3|0x0000000081700000, 0x0000000081700000, 0x0000000081800000|  0%| F|  |TAMS 0x0000000081700000, 0x0000000081700000| Untracked 
|   4|0x0000000081800000, 0x0000000081800000, 0x0000000081900000|  0%| F|  |TAMS 0x0000000081800000, 0x0000000081800000| Untracked 
|   5|0x0000000081900000, 0x0000000081900000, 0x0000000081a00000|  0%| F|  |TAMS 0x0000000081900000, 0x0000000081900000| Untracked 
|   6|0x0000000081a00000, 0x0000000081a00000, 0x0000000081b00000|  0%| F|  |TAMS 0x0000000081a00000, 0x0000000081a00000| Untracked 
|   7|0x0000000081b00000, 0x0000000081b00000, 0x0000000081c00000|  0%| F|  |TAMS 0x0000000081b00000, 0x0000000081b00000| Untracked 
|   8|0x0000000081c00000, 0x0000000081c00000, 0x0000000081d00000|  0%| F|  |TAMS 0x0000000081c00000, 0x0000000081c00000| Untracked 
|   9|0x0000000081d00000, 0x0000000081d00000, 0x0000000081e00000|  0%| F|  |TAMS 0x0000000081d00000, 0x0000000081d00000| Untracked 
|  10|0x0000000081e00000, 0x0000000081e00000, 0x0000000081f00000|  0%| F|  |TAMS 0x0000000081e00000, 0x0000000081e00000| Untracked 
|  11|0x0000000081f00000, 0x0000000081f00000, 0x0000000082000000|  0%| F|  |TAMS 0x0000000081f00000, 0x0000000081f00000| Untracked 
|  12|0x0000000082000000, 0x0000000082000000, 0x0000000082100000|  0%| F|  |TAMS 0x0000000082000000, 0x0000000082000000| Untracked 
|  13|0x0000000082100000, 0x0000000082100000, 0x0000000082200000|  0%| F|  |TAMS 0x0000000082100000, 0x0000000082100000| Untracked 
|  14|0x0000000082200000, 0x0000000082200000, 0x0000000082300000|  0%| F|  |TAMS 0x0000000082200000, 0x0000000082200000| Untracked 
|  15|0x0000000082300000, 0x0000000082300000, 0x0000000082400000|  0%| F|  |TAMS 0x0000000082300000, 0x0000000082300000| Untracked 
|  16|0x0000000082400000, 0x0000000082400000, 0x0000000082500000|  0%| F|  |TAMS 0x0000000082400000, 0x0000000082400000| Untracked 
|  17|0x0000000082500000, 0x0000000082500000, 0x0000000082600000|  0%| F|  |TAMS 0x0000000082500000, 0x0000000082500000| Untracked 
|  18|0x0000000082600000, 0x0000000082600000, 0x0000000082700000|  0%| F|  |TAMS 0x0000000082600000, 0x0000000082600000| Untracked 
|  19|0x0000000082700000, 0x0000000082700000, 0x0000000082800000|  0%| F|  |TAMS 0x0000000082700000, 0x0000000082700000| Untracked 
|  20|0x0000000082800000, 0x0000000082800000, 0x0000000082900000|  0%| F|  |TAMS 0x0000000082800000, 0x0000000082800000| Untracked 
|  21|0x0000000082900000, 0x0000000082900000, 0x0000000082a00000|  0%| F|  |TAMS 0x0000000082900000, 0x0000000082900000| Untracked 
|  22|0x0000000082a00000, 0x0000000082a00000, 0x0000000082b00000|  0%| F|  |TAMS 0x0000000082a00000, 0x0000000082a00000| Untracked 
|  23|0x0000000082b00000, 0x0000000082b00000, 0x0000000082c00000|  0%| F|  |TAMS 0x0000000082b00000, 0x0000000082b00000| Untracked 
|  24|0x0000000082c00000, 0x0000000082c00000, 0x0000000082d00000|  0%| F|  |TAMS 0x0000000082c00000, 0x0000000082c00000| Untracked 
|  25|0x0000000082d00000, 0x0000000082d00000, 0x0000000082e00000|  0%| F|  |TAMS 0x0000000082d00000, 0x0000000082d00000| Untracked 
|  26|0x0000000082e00000, 0x0000000082e00000, 0x0000000082f00000|  0%| F|  |TAMS 0x0000000082e00000, 0x0000000082e00000| Untracked 
|  27|0x0000000082f00000, 0x0000000082f00000, 0x0000000083000000|  0%| F|  |TAMS 0x0000000082f00000, 0x0000000082f00000| Untracked 
|  28|0x0000000083000000, 0x0000000083000000, 0x0000000083100000|  0%| F|  |TAMS 0x0000000083000000, 0x0000000083000000| Untracked 
|  29|0x0000000083100000, 0x0000000083100000, 0x0000000083200000|  0%| F|  |TAMS 0x0000000083100000, 0x0000000083100000| Untracked 
|  30|0x0000000083200000, 0x0000000083200000, 0x0000000083300000|  0%| F|  |TAMS 0x0000000083200000, 0x0000000083200000| Untracked 
|  31|0x0000000083300000, 0x0000000083300000, 0x0000000083400000|  0%| F|  |TAMS 0x0000000083300000, 0x0000000083300000| Untracked 
|  32|0x0000000083400000, 0x0000000083400000, 0x0000000083500000|  0%| F|  |TAMS 0x0000000083400000, 0x0000000083400000| Untracked 
|  33|0x0000000083500000, 0x0000000083500000, 0x0000000083600000|  0%| F|  |TAMS 0x0000000083500000, 0x0000000083500000| Untracked 
|  34|0x0000000083600000, 0x0000000083600000, 0x0000000083700000|  0%| F|  |TAMS 0x0000000083600000, 0x0000000083600000| Untracked 
|  35|0x0000000083700000, 0x0000000083700000, 0x0000000083800000|  0%| F|  |TAMS 0x0000000083700000, 0x0000000083700000| Untracked 
|  36|0x0000000083800000, 0x0000000083800000, 0x0000000083900000|  0%| F|  |TAMS 0x0000000083800000, 0x0000000083800000| Untracked 
|  37|0x0000000083900000, 0x0000000083900000, 0x0000000083a00000|  0%| F|  |TAMS 0x0000000083900000, 0x0000000083900000| Untracked 
|  38|0x0000000083a00000, 0x0000000083a00000, 0x0000000083b00000|  0%| F|  |TAMS 0x0000000083a00000, 0x0000000083a00000| Untracked 
|  39|0x0000000083b00000, 0x0000000083b00000, 0x0000000083c00000|  0%| F|  |TAMS 0x0000000083b00000, 0x0000000083b00000| Untracked 
|  40|0x0000000083c00000, 0x0000000083c00000, 0x0000000083d00000|  0%| F|  |TAMS 0x0000000083c00000, 0x0000000083c00000| Untracked 
|  41|0x0000000083d00000, 0x0000000083d00000, 0x0000000083e00000|  0%| F|  |TAMS 0x0000000083d00000, 0x0000000083d00000| Untracked 
|  42|0x0000000083e00000, 0x0000000083e00000, 0x0000000083f00000|  0%| F|  |TAMS 0x0000000083e00000, 0x0000000083e00000| Untracked 
|  43|0x0000000083f00000, 0x0000000083f00000, 0x0000000084000000|  0%| F|  |TAMS 0x0000000083f00000, 0x0000000083f00000| Untracked 
|  44|0x0000000084000000, 0x0000000084000000, 0x0000000084100000|  0%| F|  |TAMS 0x0000000084000000, 0x0000000084000000| Untracked 
|  45|0x0000000084100000, 0x0000000084100000, 0x0000000084200000|  0%| F|  |TAMS 0x0000000084100000, 0x0000000084100000| Untracked 
|  46|0x0000000084200000, 0x0000000084200000, 0x0000000084300000|  0%| F|  |TAMS 0x0000000084200000, 0x0000000084200000| Untracked 
|  47|0x0000000084300000, 0x0000000084300000, 0x0000000084400000|  0%| F|  |TAMS 0x0000000084300000, 0x0000000084300000| Untracked 
|  48|0x0000000084400000, 0x0000000084400000, 0x0000000084500000|  0%| F|  |TAMS 0x0000000084400000, 0x0000000084400000| Untracked 
|  49|0x0000000084500000, 0x0000000084500000, 0x0000000084600000|  0%| F|  |TAMS 0x0000000084500000, 0x0000000084500000| Untracked 
|  50|0x0000000084600000, 0x0000000084600000, 0x0000000084700000|  0%| F|  |TAMS 0x0000000084600000, 0x0000000084600000| Untracked 
|  51|0x0000000084700000, 0x0000000084700000, 0x0000000084800000|  0%| F|  |TAMS 0x0000000084700000, 0x0000000084700000| Untracked 
|  52|0x0000000084800000, 0x0000000084800000, 0x0000000084900000|  0%| F|  |TAMS 0x0000000084800000, 0x0000000084800000| Untracked 
|  53|0x0000000084900000, 0x0000000084900000, 0x0000000084a00000|  0%| F|  |TAMS 0x0000000084900000, 0x0000000084900000| Untracked 
|  54|0x0000000084a00000, 0x0000000084a00000, 0x0000000084b00000|  0%| F|  |TAMS 0x0000000084a00000, 0x0000000084a00000| Untracked 
|  55|0x0000000084b00000, 0x0000000084b00000, 0x0000000084c00000|  0%| F|  |TAMS 0x0000000084b00000, 0x0000000084b00000| Untracked 
|  56|0x0000000084c00000, 0x0000000084c00000, 0x0000000084d00000|  0%| F|  |TAMS 0x0000000084c00000, 0x0000000084c00000| Untracked 
|  57|0x0000000084d00000, 0x0000000084d00000, 0x0000000084e00000|  0%| F|  |TAMS 0x0000000084d00000, 0x0000000084d00000| Untracked 
|  58|0x0000000084e00000, 0x0000000084e00000, 0x0000000084f00000|  0%| F|  |TAMS 0x0000000084e00000, 0x0000000084e00000| Untracked 
|  59|0x0000000084f00000, 0x0000000084f00000, 0x0000000085000000|  0%| F|  |TAMS 0x0000000084f00000, 0x0000000084f00000| Untracked 
|  60|0x0000000085000000, 0x0000000085000000, 0x0000000085100000|  0%| F|  |TAMS 0x0000000085000000, 0x0000000085000000| Untracked 
|  61|0x0000000085100000, 0x0000000085100000, 0x0000000085200000|  0%| F|  |TAMS 0x0000000085100000, 0x0000000085100000| Untracked 
|  62|0x0000000085200000, 0x0000000085200000, 0x0000000085300000|  0%| F|  |TAMS 0x0000000085200000, 0x0000000085200000| Untracked 
|  63|0x0000000085300000, 0x0000000085300000, 0x0000000085400000|  0%| F|  |TAMS 0x0000000085300000, 0x0000000085300000| Untracked 
|  64|0x0000000085400000, 0x0000000085400000, 0x0000000085500000|  0%| F|  |TAMS 0x0000000085400000, 0x0000000085400000| Untracked 
|  65|0x0000000085500000, 0x0000000085500000, 0x0000000085600000|  0%| F|  |TAMS 0x0000000085500000, 0x0000000085500000| Untracked 
|  66|0x0000000085600000, 0x0000000085600000, 0x0000000085700000|  0%| F|  |TAMS 0x0000000085600000, 0x0000000085600000| Untracked 
|  67|0x0000000085700000, 0x0000000085700000, 0x0000000085800000|  0%| F|  |TAMS 0x0000000085700000, 0x0000000085700000| Untracked 
|  68|0x0000000085800000, 0x0000000085800000, 0x0000000085900000|  0%| F|  |TAMS 0x0000000085800000, 0x0000000085800000| Untracked 
|  69|0x0000000085900000, 0x0000000085900000, 0x0000000085a00000|  0%| F|  |TAMS 0x0000000085900000, 0x0000000085900000| Untracked 
|  70|0x0000000085a00000, 0x0000000085a00000, 0x0000000085b00000|  0%| F|  |TAMS 0x0000000085a00000, 0x0000000085a00000| Untracked 
|  71|0x0000000085b00000, 0x0000000085b00000, 0x0000000085c00000|  0%| F|  |TAMS 0x0000000085b00000, 0x0000000085b00000| Untracked 
|  72|0x0000000085c00000, 0x0000000085c00000, 0x0000000085d00000|  0%| F|  |TAMS 0x0000000085c00000, 0x0000000085c00000| Untracked 
|  73|0x0000000085d00000, 0x0000000085d00000, 0x0000000085e00000|  0%| F|  |TAMS 0x0000000085d00000, 0x0000000085d00000| Untracked 
|  74|0x0000000085e00000, 0x0000000085e00000, 0x0000000085f00000|  0%| F|  |TAMS 0x0000000085e00000, 0x0000000085e00000| Untracked 
|  75|0x0000000085f00000, 0x0000000085f00000, 0x0000000086000000|  0%| F|  |TAMS 0x0000000085f00000, 0x0000000085f00000| Untracked 
|  76|0x0000000086000000, 0x0000000086000000, 0x0000000086100000|  0%| F|  |TAMS 0x0000000086000000, 0x0000000086000000| Untracked 
|  77|0x0000000086100000, 0x0000000086100000, 0x0000000086200000|  0%| F|  |TAMS 0x0000000086100000, 0x0000000086100000| Untracked 
|  78|0x0000000086200000, 0x0000000086200000, 0x0000000086300000|  0%| F|  |TAMS 0x0000000086200000, 0x0000000086200000| Untracked 
|  79|0x0000000086300000, 0x0000000086300000, 0x0000000086400000|  0%| F|  |TAMS 0x0000000086300000, 0x0000000086300000| Untracked 
|  80|0x0000000086400000, 0x0000000086400000, 0x0000000086500000|  0%| F|  |TAMS 0x0000000086400000, 0x0000000086400000| Untracked 
|  81|0x0000000086500000, 0x0000000086500000, 0x0000000086600000|  0%| F|  |TAMS 0x0000000086500000, 0x0000000086500000| Untracked 
|  82|0x0000000086600000, 0x0000000086600000, 0x0000000086700000|  0%| F|  |TAMS 0x0000000086600000, 0x0000000086600000| Untracked 
|  83|0x0000000086700000, 0x0000000086700000, 0x0000000086800000|  0%| F|  |TAMS 0x0000000086700000, 0x0000000086700000| Untracked 
|  84|0x0000000086800000, 0x0000000086800000, 0x0000000086900000|  0%| F|  |TAMS 0x0000000086800000, 0x0000000086800000| Untracked 
|  85|0x0000000086900000, 0x0000000086900000, 0x0000000086a00000|  0%| F|  |TAMS 0x0000000086900000, 0x0000000086900000| Untracked 
|  86|0x0000000086a00000, 0x0000000086a00000, 0x0000000086b00000|  0%| F|  |TAMS 0x0000000086a00000, 0x0000000086a00000| Untracked 
|  87|0x0000000086b00000, 0x0000000086b00000, 0x0000000086c00000|  0%| F|  |TAMS 0x0000000086b00000, 0x0000000086b00000| Untracked 
|  88|0x0000000086c00000, 0x0000000086c00000, 0x0000000086d00000|  0%| F|  |TAMS 0x0000000086c00000, 0x0000000086c00000| Untracked 
|  89|0x0000000086d00000, 0x0000000086d00000, 0x0000000086e00000|  0%| F|  |TAMS 0x0000000086d00000, 0x0000000086d00000| Untracked 
|  90|0x0000000086e00000, 0x0000000086e00000, 0x0000000086f00000|  0%| F|  |TAMS 0x0000000086e00000, 0x0000000086e00000| Untracked 
|  91|0x0000000086f00000, 0x0000000086f00000, 0x0000000087000000|  0%| F|  |TAMS 0x0000000086f00000, 0x0000000086f00000| Untracked 
|  92|0x0000000087000000, 0x0000000087000000, 0x0000000087100000|  0%| F|  |TAMS 0x0000000087000000, 0x0000000087000000| Untracked 
|  93|0x0000000087100000, 0x0000000087100000, 0x0000000087200000|  0%| F|  |TAMS 0x0000000087100000, 0x0000000087100000| Untracked 
|  94|0x0000000087200000, 0x0000000087200000, 0x0000000087300000|  0%| F|  |TAMS 0x0000000087200000, 0x0000000087200000| Untracked 
|  95|0x0000000087300000, 0x0000000087300000, 0x0000000087400000|  0%| F|  |TAMS 0x0000000087300000, 0x0000000087300000| Untracked 
|  96|0x0000000087400000, 0x0000000087400000, 0x0000000087500000|  0%| F|  |TAMS 0x0000000087400000, 0x0000000087400000| Untracked 
|  97|0x0000000087500000, 0x0000000087500000, 0x0000000087600000|  0%| F|  |TAMS 0x0000000087500000, 0x0000000087500000| Untracked 
|  98|0x0000000087600000, 0x0000000087600000, 0x0000000087700000|  0%| F|  |TAMS 0x0000000087600000, 0x0000000087600000| Untracked 
|  99|0x0000000087700000, 0x0000000087700000, 0x0000000087800000|  0%| F|  |TAMS 0x0000000087700000, 0x0000000087700000| Untracked 
| 100|0x0000000087800000, 0x0000000087800000, 0x0000000087900000|  0%| F|  |TAMS 0x0000000087800000, 0x0000000087800000| Untracked 
| 101|0x0000000087900000, 0x0000000087900000, 0x0000000087a00000|  0%| F|  |TAMS 0x0000000087900000, 0x0000000087900000| Untracked 
| 102|0x0000000087a00000, 0x0000000087a00000, 0x0000000087b00000|  0%| F|  |TAMS 0x0000000087a00000, 0x0000000087a00000| Untracked 
| 103|0x0000000087b00000, 0x0000000087b00000, 0x0000000087c00000|  0%| F|  |TAMS 0x0000000087b00000, 0x0000000087b00000| Untracked 
| 104|0x0000000087c00000, 0x0000000087c00000, 0x0000000087d00000|  0%| F|  |TAMS 0x0000000087c00000, 0x0000000087c00000| Untracked 
| 105|0x0000000087d00000, 0x0000000087d00000, 0x0000000087e00000|  0%| F|  |TAMS 0x0000000087d00000, 0x0000000087d00000| Untracked 
| 106|0x0000000087e00000, 0x0000000087e00000, 0x0000000087f00000|  0%| F|  |TAMS 0x0000000087e00000, 0x0000000087e00000| Untracked 
| 107|0x0000000087f00000, 0x0000000087f00000, 0x0000000088000000|  0%| F|  |TAMS 0x0000000087f00000, 0x0000000087f00000| Untracked 
| 108|0x0000000088000000, 0x0000000088000000, 0x0000000088100000|  0%| F|  |TAMS 0x0000000088000000, 0x0000000088000000| Untracked 
| 109|0x0000000088100000, 0x0000000088100000, 0x0000000088200000|  0%| F|  |TAMS 0x0000000088100000, 0x0000000088100000| Untracked 
| 110|0x0000000088200000, 0x0000000088200000, 0x0000000088300000|  0%| F|  |TAMS 0x0000000088200000, 0x0000000088200000| Untracked 
| 111|0x0000000088300000, 0x0000000088300000, 0x0000000088400000|  0%| F|  |TAMS 0x0000000088300000, 0x0000000088300000| Untracked 
| 112|0x0000000088400000, 0x0000000088400000, 0x0000000088500000|  0%| F|  |TAMS 0x0000000088400000, 0x0000000088400000| Untracked 
| 113|0x0000000088500000, 0x0000000088500000, 0x0000000088600000|  0%| F|  |TAMS 0x0000000088500000, 0x0000000088500000| Untracked 
| 114|0x0000000088600000, 0x0000000088600000, 0x0000000088700000|  0%| F|  |TAMS 0x0000000088600000, 0x0000000088600000| Untracked 
| 115|0x0000000088700000, 0x0000000088700000, 0x0000000088800000|  0%| F|  |TAMS 0x0000000088700000, 0x0000000088700000| Untracked 
| 116|0x0000000088800000, 0x0000000088800000, 0x0000000088900000|  0%| F|  |TAMS 0x0000000088800000, 0x0000000088800000| Untracked 
| 117|0x0000000088900000, 0x0000000088900000, 0x0000000088a00000|  0%| F|  |TAMS 0x0000000088900000, 0x0000000088900000| Untracked 
| 118|0x0000000088a00000, 0x0000000088a00000, 0x0000000088b00000|  0%| F|  |TAMS 0x0000000088a00000, 0x0000000088a00000| Untracked 
| 119|0x0000000088b00000, 0x0000000088b00000, 0x0000000088c00000|  0%| F|  |TAMS 0x0000000088b00000, 0x0000000088b00000| Untracked 
| 120|0x0000000088c00000, 0x0000000088c00000, 0x0000000088d00000|  0%| F|  |TAMS 0x0000000088c00000, 0x0000000088c00000| Untracked 
| 121|0x0000000088d00000, 0x0000000088d00000, 0x0000000088e00000|  0%| F|  |TAMS 0x0000000088d00000, 0x0000000088d00000| Untracked 
| 122|0x0000000088e00000, 0x0000000088e00000, 0x0000000088f00000|  0%| F|  |TAMS 0x0000000088e00000, 0x0000000088e00000| Untracked 
| 123|0x0000000088f00000, 0x0000000088f00000, 0x0000000089000000|  0%| F|  |TAMS 0x0000000088f00000, 0x0000000088f00000| Untracked 
| 124|0x0000000089000000, 0x0000000089000000, 0x0000000089100000|  0%| F|  |TAMS 0x0000000089000000, 0x0000000089000000| Untracked 
| 125|0x0000000089100000, 0x00000000891f6398, 0x0000000089200000| 96%| E|  |TAMS 0x0000000089100000, 0x0000000089100000| Complete 
| 126|0x0000000089200000, 0x0000000089300000, 0x0000000089300000|100%| E|  |TAMS 0x0000000089200000, 0x0000000089200000| Complete 
| 127|0x0000000089300000, 0x0000000089400000, 0x0000000089400000|100%| E|CS|TAMS 0x0000000089300000, 0x0000000089300000| Complete 

Card table byte_map: [0x0000018b38130000,0x0000018b38530000] _byte_map_base: 0x0000018b37d26000

Marking Bits (Prev, Next): (CMBitMap*) 0x0000018b214ef110, (CMBitMap*) 0x0000018b214ef150
 Prev Bits: [0x0000018b38930000, 0x0000018b3a8e0000)
 Next Bits: [0x0000018b3a8e0000, 0x0000018b3c890000)

Polling page: 0x0000018b1f360000

Metaspace:

Usage:
  Non-class:    273.19 KB used.
      Class:     15.97 KB used.
       Both:    289.16 KB used.

Virtual space:
  Non-class space:       64.00 MB reserved,     320.00 KB ( <1%) committed,  1 nodes.
      Class space:        1.00 GB reserved,     128.00 KB ( <1%) committed,  1 nodes.
             Both:        1.06 GB reserved,     448.00 KB ( <1%) committed. 

Chunk freelists:
   Non-Class:  11.95 MB
       Class:  15.74 MB
        Both:  27.70 MB

MaxMetaspaceSize: unlimited
CompressedClassSpaceSize: 1.00 GB
Initial GC threshold: 21.00 MB
Current GC threshold: 21.00 MB
CDS: on
MetaspaceReclaimPolicy: balanced
 - commit_granule_bytes: 65536.
 - commit_granule_words: 8192.
 - virtual_space_node_default_size: 8388608.
 - enlarge_chunks_in_place: 1.
 - new_chunks_are_fully_committed: 0.
 - uncommit_free_chunks: 1.
 - use_allocation_guard: 0.
 - handle_deallocations: 1.


Internal statistics:

num_allocs_failed_limit: 0.
num_arena_births: 4.
num_arena_deaths: 0.
num_vsnodes_births: 2.
num_vsnodes_deaths: 0.
num_space_committed: 7.
num_space_uncommitted: 0.
num_chunks_returned_to_freelist: 0.
num_chunks_taken_from_freelist: 11.
num_chunk_merges: 0.
num_chunk_splits: 4.
num_chunks_enlarged: 0.
num_purges: 0.
num_inconsistent_stats: 0.

CodeHeap 'non-profiled nmethods': size=120000Kb used=33Kb max_used=33Kb free=119966Kb
 bounds [0x0000018b30800000, 0x0000018b30a70000, 0x0000018b37d30000]
CodeHeap 'profiled nmethods': size=120000Kb used=195Kb max_used=195Kb free=119804Kb
 bounds [0x0000018b28d30000, 0x0000018b28fa0000, 0x0000018b30260000]
CodeHeap 'non-nmethods': size=5760Kb used=1057Kb max_used=1069Kb free=4702Kb
 bounds [0x0000018b30260000, 0x0000018b304d0000, 0x0000018b30800000]
 total_blobs=468 nmethods=148 adapters=233
 compilation: enabled
              stopped_count=0, restarted_count=0
 full_count=0

Compilation events (20 events):
Event: 0.270 Thread 0x0000018b3ed56fd0  136       1       java.net.URL::getProtocol (5 bytes)
Event: 0.270 Thread 0x0000018b3ed56fd0 nmethod 136 0x0000018b30807490 code [0x0000018b30807620, 0x0000018b308076f8]
Event: 0.270 Thread 0x0000018b3ed56fd0  138       3       java.util.zip.ZipFile$Source::getEntryHash (7 bytes)
Event: 0.270 Thread 0x0000018b3ed56fd0 nmethod 138 0x0000018b28d5ac10 code [0x0000018b28d5ada0, 0x0000018b28d5aed8]
Event: 0.271 Thread 0x0000018b3ed56fd0  139       3       java.lang.StringLatin1::indexOf (121 bytes)
Event: 0.271 Thread 0x0000018b3ed56fd0 nmethod 139 0x0000018b28d5af90 code [0x0000018b28d5b160, 0x0000018b28d5b658]
Event: 0.271 Thread 0x0000018b3ed56fd0  140       3       java.lang.String::startsWith (7 bytes)
Event: 0.271 Thread 0x0000018b3ed56fd0 nmethod 140 0x0000018b28d5b890 code [0x0000018b28d5ba20, 0x0000018b28d5bb68]
Event: 0.271 Thread 0x0000018b3ed56fd0  141       3       java.lang.String::checkBoundsBeginEnd (63 bytes)
Event: 0.272 Thread 0x0000018b3ed56fd0 nmethod 141 0x0000018b28d5bc10 code [0x0000018b28d5bea0, 0x0000018b28d5c798]
Event: 0.272 Thread 0x0000018b3ed56fd0  142       1       java.util.ArrayList::size (5 bytes)
Event: 0.272 Thread 0x0000018b3ed56fd0 nmethod 142 0x0000018b30807790 code [0x0000018b30807920, 0x0000018b308079f8]
Event: 0.274 Thread 0x0000018b3ed56fd0  143       3       java.lang.String::substring (58 bytes)
Event: 0.275 Thread 0x0000018b3ed56fd0 nmethod 143 0x0000018b28d5cb10 code [0x0000018b28d5cd00, 0x0000018b28d5d1a8]
Event: 0.275 Thread 0x0000018b3ed56fd0  145       3       sun.nio.fs.WindowsPathParser::nextNonSlash (24 bytes)
Event: 0.275 Thread 0x0000018b3ed56fd0 nmethod 145 0x0000018b28d5d390 code [0x0000018b28d5d5a0, 0x0000018b28d5dcf8]
Event: 0.275 Thread 0x0000018b3ed56fd0  144       3       java.util.zip.ZipFile::ensureOpen (40 bytes)
Event: 0.276 Thread 0x0000018b3ed56fd0 nmethod 144 0x0000018b28d5e010 code [0x0000018b28d5e1e0, 0x0000018b28d5e478]
Event: 0.276 Thread 0x0000018b3ed56fd0  146       3       java.io.RandomAccessFile::read (8 bytes)
Event: 0.276 Thread 0x0000018b3ed56fd0 nmethod 146 0x0000018b28d5e590 code [0x0000018b28d5e720, 0x0000018b28d5e868]

GC Heap History (0 events):
No events

Deoptimization events (20 events):
Event: 0.264 Thread 0x0000018b21490da0 DEOPT PACKING pc=0x0000018b28d4b80c sp=0x0000005f4a5fd7a0
Event: 0.264 Thread 0x0000018b21490da0 DEOPT UNPACKING pc=0x0000018b302b2b43 sp=0x0000005f4a5fcc30 mode 0
Event: 0.273 Thread 0x0000018b21490da0 DEOPT PACKING pc=0x0000018b28d4b80c sp=0x0000005f4a5fa0d0
Event: 0.273 Thread 0x0000018b21490da0 DEOPT UNPACKING pc=0x0000018b302b2b43 sp=0x0000005f4a5f9560 mode 0
Event: 0.273 Thread 0x0000018b21490da0 DEOPT PACKING pc=0x0000018b28d4b80c sp=0x0000005f4a5fa0d0
Event: 0.273 Thread 0x0000018b21490da0 DEOPT UNPACKING pc=0x0000018b302b2b43 sp=0x0000005f4a5f9560 mode 0
Event: 0.273 Thread 0x0000018b21490da0 DEOPT PACKING pc=0x0000018b28d4b80c sp=0x0000005f4a5fa0d0
Event: 0.273 Thread 0x0000018b21490da0 DEOPT UNPACKING pc=0x0000018b302b2b43 sp=0x0000005f4a5f9560 mode 0
Event: 0.273 Thread 0x0000018b21490da0 DEOPT PACKING pc=0x0000018b28d4b80c sp=0x0000005f4a5fa0d0
Event: 0.273 Thread 0x0000018b21490da0 DEOPT UNPACKING pc=0x0000018b302b2b43 sp=0x0000005f4a5f9560 mode 0
Event: 0.273 Thread 0x0000018b21490da0 DEOPT PACKING pc=0x0000018b28d4b80c sp=0x0000005f4a5fa0d0
Event: 0.273 Thread 0x0000018b21490da0 DEOPT UNPACKING pc=0x0000018b302b2b43 sp=0x0000005f4a5f9560 mode 0
Event: 0.273 Thread 0x0000018b21490da0 DEOPT PACKING pc=0x0000018b28d4b80c sp=0x0000005f4a5fa0d0
Event: 0.273 Thread 0x0000018b21490da0 DEOPT UNPACKING pc=0x0000018b302b2b43 sp=0x0000005f4a5f9560 mode 0
Event: 0.273 Thread 0x0000018b21490da0 DEOPT PACKING pc=0x0000018b28d4b80c sp=0x0000005f4a5fa0d0
Event: 0.273 Thread 0x0000018b21490da0 DEOPT UNPACKING pc=0x0000018b302b2b43 sp=0x0000005f4a5f9560 mode 0
Event: 0.275 Thread 0x0000018b21490da0 DEOPT PACKING pc=0x0000018b28d4b80c sp=0x0000005f4a5f8600
Event: 0.275 Thread 0x0000018b21490da0 DEOPT UNPACKING pc=0x0000018b302b2b43 sp=0x0000005f4a5f7a90 mode 0
Event: 0.275 Thread 0x0000018b21490da0 DEOPT PACKING pc=0x0000018b28d4b80c sp=0x0000005f4a5f8600
Event: 0.275 Thread 0x0000018b21490da0 DEOPT UNPACKING pc=0x0000018b302b2b43 sp=0x0000005f4a5f7a90 mode 0

Classes unloaded (0 events):
No events

Classes redefined (0 events):
No events

Internal exceptions (2 events):
Event: 0.276 Thread 0x0000018b21490da0 Exception <a 'java/lang/StackOverflowError'{0x000000008917d460}> (0x000000008917d460) 
thrown [s\open\src\hotspot\share\interpreter\interpreterRuntime.cpp, line 374]
Event: 0.276 Thread 0x0000018b21490da0 Exception <a 'java/lang/StackOverflowError'{0x000000008917d460}> (0x000000008917d460) 
thrown [s\open\src\hotspot\share\prims\jni.cpp, line 535]

VM Operations (2 events):
Event: 0.253 Executing VM operation: HandshakeAllThreads
Event: 0.253 Executing VM operation: HandshakeAllThreads done

Events (20 events):
Event: 0.101 Thread 0x0000018b3ed36f40 Thread added: 0x0000018b3ed36f40
Event: 0.114 Thread 0x0000018b3ed4a4e0 Thread added: 0x0000018b3ed4a4e0
Event: 0.115 Thread 0x0000018b3ed4c0a0 Thread added: 0x0000018b3ed4c0a0
Event: 0.115 Thread 0x0000018b3ed4f200 Thread added: 0x0000018b3ed4f200
Event: 0.115 Thread 0x0000018b3ed51360 Thread added: 0x0000018b3ed51360
Event: 0.115 Thread 0x0000018b3ed55d90 Thread added: 0x0000018b3ed55d90
Event: 0.115 Thread 0x0000018b3ed56fd0 Thread added: 0x0000018b3ed56fd0
Event: 0.115 Thread 0x0000018b3ed62940 Thread added: 0x0000018b3ed62940
Event: 0.195 Thread 0x0000018b840b8700 Thread added: 0x0000018b840b8700
Event: 0.197 loading class jdk/internal/loader/URLClassPath$FileLoader
Event: 0.197 loading class jdk/internal/loader/URLClassPath$FileLoader done
Event: 0.198 loading class jdk/internal/loader/URLClassPath$FileLoader$1
Event: 0.198 loading class jdk/internal/loader/URLClassPath$FileLoader$1 done
Event: 0.200 Thread 0x0000018b840ca5e0 Thread added: 0x0000018b840ca5e0
Event: 0.202 loading class sun/nio/cs/UTF_8$Decoder
Event: 0.202 loading class sun/nio/cs/UTF_8$Decoder done
Event: 0.207 Loaded shared library C:\Program Files\Java\jdk-17\bin\net.dll
Event: 0.209 Loaded shared library C:\Program Files\Java\jdk-17\bin\nio.dll
Event: 0.213 Loaded shared library C:\Program Files\Java\jdk-17\bin\zip.dll
Event: 0.276 loading class java/util/zip/DataFormatException


Dynamic libraries:
0x00007ff7e1270000 - 0x00007ff7e1280000 	C:\Program Files\Java\jdk-17\bin\java.exe
0x00007ffc26c90000 - 0x00007ffc26e88000 	C:\WINDOWS\SYSTEM32\ntdll.dll
0x00007ffc26a30000 - 0x00007ffc26aed000 	C:\WINDOWS\System32\KERNEL32.DLL
0x00007ffc246d0000 - 0x00007ffc249c6000 	C:\WINDOWS\System32\KERNELBASE.dll
0x00007ffc24580000 - 0x00007ffc24680000 	C:\WINDOWS\System32\ucrtbase.dll
0x00007ffc1c8a0000 - 0x00007ffc1c8b9000 	C:\Program Files\Java\jdk-17\bin\jli.dll
0x00007ffc1cce0000 - 0x00007ffc1ccfb000 	C:\Program Files\Java\jdk-17\bin\VCRUNTIME140.dll
0x00007ffc25b80000 - 0x00007ffc25c2f000 	C:\WINDOWS\System32\ADVAPI32.dll
0x00007ffc26af0000 - 0x00007ffc26b8e000 	C:\WINDOWS\System32\msvcrt.dll
0x00007ffc24e00000 - 0x00007ffc24e9c000 	C:\WINDOWS\System32\sechost.dll
0x00007ffc26750000 - 0x00007ffc26876000 	C:\WINDOWS\System32\RPCRT4.dll
0x00007ffc260c0000 - 0x00007ffc2625e000 	C:\WINDOWS\System32\USER32.dll
0x00007ffc194f0000 - 0x00007ffc1978a000 	C:\WINDOWS\WinSxS\amd64_microsoft.windows.common-controls_6595b64144ccf1df_6.0.19041.3636_none_60b6a03d71f818d5\COMCTL32.dll
0x00007ffc24400000 - 0x00007ffc24422000 	C:\WINDOWS\System32\win32u.dll
0x00007ffc25620000 - 0x00007ffc2564c000 	C:\WINDOWS\System32\GDI32.dll
0x00007ffc249d0000 - 0x00007ffc24aea000 	C:\WINDOWS\System32\gdi32full.dll
0x00007ffc244e0000 - 0x00007ffc2457d000 	C:\WINDOWS\System32\msvcp_win.dll
0x00007ffc1d3b0000 - 0x00007ffc1d3ba000 	C:\WINDOWS\SYSTEM32\VERSION.dll
0x00007ffc24cf0000 - 0x00007ffc24d20000 	C:\WINDOWS\System32\IMM32.DLL
0x00007ffc1dec0000 - 0x00007ffc1decc000 	C:\Program Files\Java\jdk-17\bin\vcruntime140_1.dll
0x00007ffbfb630000 - 0x00007ffbfb6be000 	C:\Program Files\Java\jdk-17\bin\msvcp140.dll
0x00007ffbc7950000 - 0x00007ffbc852e000 	C:\Program Files\Java\jdk-17\bin\server\jvm.dll
0x00007ffc24ec0000 - 0x00007ffc24ec8000 	C:\WINDOWS\System32\PSAPI.DLL
0x00007ffc19100000 - 0x00007ffc19109000 	C:\WINDOWS\SYSTEM32\WSOCK32.dll
0x00007ffc26260000 - 0x00007ffc262cb000 	C:\WINDOWS\System32\WS2_32.dll
0x00007ffc19450000 - 0x00007ffc19477000 	C:\WINDOWS\SYSTEM32\WINMM.dll
0x00007ffc22bc0000 - 0x00007ffc22bd2000 	C:\WINDOWS\SYSTEM32\kernel.appcore.dll
0x00007ffc1c740000 - 0x00007ffc1c74a000 	C:\Program Files\Java\jdk-17\bin\jimage.dll
0x00007ffc22890000 - 0x00007ffc22a74000 	C:\WINDOWS\SYSTEM32\DBGHELP.DLL
0x00007ffc18550000 - 0x00007ffc18584000 	C:\WINDOWS\SYSTEM32\dbgcore.DLL
0x00007ffc24370000 - 0x00007ffc243f2000 	C:\WINDOWS\System32\bcryptPrimitives.dll
0x00007ffc16090000 - 0x00007ffc160b5000 	C:\Program Files\Java\jdk-17\bin\java.dll
0x00007ffbf61b0000 - 0x00007ffbf6287000 	C:\Program Files\Java\jdk-17\bin\jsvml.dll
0x00007ffc24ed0000 - 0x00007ffc25614000 	C:\WINDOWS\System32\SHELL32.dll
0x00007ffc22020000 - 0x00007ffc227bb000 	C:\WINDOWS\SYSTEM32\windows.storage.dll
0x00007ffc263f0000 - 0x00007ffc26744000 	C:\WINDOWS\System32\combase.dll
0x00007ffc23d40000 - 0x00007ffc23d6d000 	C:\WINDOWS\SYSTEM32\Wldp.dll
0x00007ffc257f0000 - 0x00007ffc2589d000 	C:\WINDOWS\System32\SHCORE.dll
0x00007ffc25970000 - 0x00007ffc259c5000 	C:\WINDOWS\System32\shlwapi.dll
0x00007ffc242a0000 - 0x00007ffc242c5000 	C:\WINDOWS\SYSTEM32\profapi.dll
0x00007ffc1c720000 - 0x00007ffc1c739000 	C:\Program Files\Java\jdk-17\bin\net.dll
0x00007ffc1b230000 - 0x00007ffc1b33a000 	C:\WINDOWS\SYSTEM32\WINHTTP.dll
0x00007ffc23a40000 - 0x00007ffc23aaa000 	C:\WINDOWS\system32\mswsock.dll
0x00007ffc16070000 - 0x00007ffc16086000 	C:\Program Files\Java\jdk-17\bin\nio.dll
0x00007ffc15ef0000 - 0x00007ffc15f08000 	C:\Program Files\Java\jdk-17\bin\zip.dll

dbghelp: loaded successfully - version: 4.0.5 - missing functions: none
symbol engine: initialized successfully - sym options: 0x614 - pdb path: .;C:\Program Files\Java\jdk-17\bin;C:\WINDOWS\SYSTEM32;C:\WINDOWS\WinSxS\amd64_microsoft.windows.common-controls_6595b64144ccf1df_6.0.19041.3636_none_60b6a03d71f818d5;C:\Program Files\Java\jdk-17\bin\server

VM Arguments:
jvm_args: -Dfile.encoding=windows-1252 -Duser.country=IN -Duser.language=en -Duser.variant 
java_command: in.learnjavaskills.bookmymovieservice.BookMyMovieServiceApplication
java_class_path (initial): G:\Intelij-WorkSpace\SpringBoot\spring-cloud-stream\kafka-stream\book-my-movie-service\build\classes\java\main;G:\Intelij-WorkSpace\SpringBoot\spring-cloud-stream\kafka-stream\book-my-movie-service\build\resources\main;C:\Users\Imran Shaikh\.gradle\caches\modules-2\files-2.1\org.springframework.boot\spring-boot-starter-web\3.1.6\1556b1e19f80ab0c64f12910d4bd0945cc4cb96c\spring-boot-starter-web-3.1.6.jar;C:\Users\Imran Shaikh\.gradle\caches\modules-2\files-2.1\org.springframework.cloud\spring-cloud-stream-binder-kafka\4.0.4\a511115f465d65546cb390785d204073897057a\spring-cloud-stream-binder-kafka-4.0.4.jar;C:\Users\Imran Shaikh\.gradle\caches\modules-2\files-2.1\org.springframework.cloud\spring-cloud-stream-binder-kafka-core\4.0.4\3dc2c2153438fa8c213355e1b36d15eacc4393c3\spring-cloud-stream-binder-kafka-core-4.0.4.jar;C:\Users\Imran Shaikh\.gradle\caches\modules-2\files-2.1\org.springframework.cloud\spring-cloud-stream\4.0.4\9a38c9a4422df9579c80efae8374e0af3fecf2ea\spring-cloud-stream-4.0.4.jar;C:\Users\Imran Shaikh\.gradle\caches\modules-2\files-2.1\org.springframework.integration\spring-integration-kafka\6.1.5\9f1d8594fc64406a893773580810edb3306628eb\spring-integration-kafka-6.1.5.jar;C:\Users\Imran Shaikh\.gradle\caches\modules-2\files-2.1\org.springframework.kafka\spring-kafka\3.0.13\b63ccf0d5147be95b861dae613a4abf722d3e421\spring-kafka-3.0.13.jar;C:\Users\Imran Shaikh\.gradle\caches\modules-2\files-2.1\org.springframework.boot\spring-boot-starter-json\3.1.6\87b79574e35f5de40d014edaa6ba61415d98881c\spring-boot-starter-json-3.1.6.jar;C:\Users\Imran Shaikh\.gradle\caches\modules-2\files-2.1\org.springframework.boot\spring-boot-starter-validation\3.1.6\4a4d1352bf52a82e36010f81561309d3dc6b1424\spring-boot-starter-validation-3.1.6.jar;C:\Users\Imran Shaikh\.gradle\caches\modules-2\files-2.1\org.springframework.boot\spring-boot-starter\3.1.6\87c6df827bb54d017ceec5f98c070e8642d23cdf\spring-boot-starter-3.1.6.jar;C:\Users\Imran Shaikh\.gradle\c
Launcher Type: SUN_STANDARD

[Global flags]
     intx CICompilerCount                          = 3                                         {product} {ergonomic}
     uint ConcGCThreads                            = 1                                         {product} {ergonomic}
     uint G1ConcRefinementThreads                  = 4                                         {product} {ergonomic}
   size_t G1HeapRegionSize                         = 1048576                                   {product} {ergonomic}
    uintx GCDrainStackTargetSize                   = 64                                        {product} {ergonomic}
   size_t InitialHeapSize                          = 134217728                                 {product} {ergonomic}
   size_t MarkStackSize                            = 4194304                                   {product} {ergonomic}
   size_t MaxHeapSize                              = 2126512128                                {product} {ergonomic}
   size_t MaxNewSize                               = 1275068416                                {product} {ergonomic}
   size_t MinHeapDeltaBytes                        = 1048576                                   {product} {ergonomic}
   size_t MinHeapSize                              = 8388608                                   {product} {ergonomic}
    uintx NonNMethodCodeHeapSize                   = 5832780                                {pd product} {ergonomic}
    uintx NonProfiledCodeHeapSize                  = 122912730                              {pd product} {ergonomic}
    uintx ProfiledCodeHeapSize                     = 122912730                              {pd product} {ergonomic}
    uintx ReservedCodeCacheSize                    = 251658240                              {pd product} {ergonomic}
     bool SegmentedCodeCache                       = true                                      {product} {ergonomic}
   size_t SoftMaxHeapSize                          = 2126512128                             {manageable} {ergonomic}
     bool UseCompressedClassPointers               = true                           {product lp64_product} {ergonomic}
     bool UseCompressedOops                        = true                           {product lp64_product} {ergonomic}
     bool UseG1GC                                  = true                                      {product} {ergonomic}
     bool UseLargePagesIndividualAllocation        = false                                  {pd product} {ergonomic}

Logging:
Log output configuration:
 #0: stdout all=warning uptime,level,tags
 #1: stderr all=off uptime,level,tags

Environment Variables:
JAVA_HOME=C:\Program Files\Java\jdk1.8.0_111
PATH=C:\Program Files\Common Files\Oracle\Java\javapath;C:\Program Files\Python37\Scripts\;C:\Program Files\Python37\;C:\Program Files (x86)\Common Files\Oracle\Java\javapath;C:\Program Files\bin;C:\Program Files (x86)\Intel\iCLS Client\;C:\Program Files\Intel\iCLS Client\;C:\ProgramData\Oracle\Java\javapath;C:\Program Files\Java\jdk1.8.0_111\bin;C:\Program Files (x86)\Intel\Intel(R) Management Engine Components\DAL;C:\Program Files\Intel\Intel(R) Management Engine Components\DAL;C:\Program Files (x86)\Intel\Intel(R) Management Engine Components\IPT;C:\Program Files\Intel\Intel(R) Management Engine Components\IPT;C:\WINDOWS\system32;C:\WINDOWS;C:\WINDOWS\System32\Wbem;C:\WINDOWS\System32\WindowsPowerShell\v1.0\;C:\WINDOWS\System32\OpenSSH\;C:\Program Files\apache-maven-3.6.3\bin;G:\Putty\Putty setup\;G:\project\gdcmlib;C:\Program Files\Java\jdk-17\bin;C:\Program Files\Git\cmd;C:\Users\Imran Shaikh\AppData\Local\Microsoft\WindowsApps;C:\Program Files\Php;;C:\Users\Imran Shaikh\.ebcli-virtual-env\executables;C:\Users\Imran Shaikh\AppData\Local\Programs\Microsoft VS Code\bin
USERNAME=Imran Shaikh
OS=Windows_NT
PROCESSOR_IDENTIFIER=Intel64 Family 6 Model 142 Stepping 9, GenuineIntel



---------------  S Y S T E M  ---------------

OS:
 Windows 10 , 64 bit Build 19041 (10.0.19041.3636)
OS uptime: 19 days 21:15 hours

CPU: total 4 (initial active 4) (2 cores per cpu, 2 threads per core) family 6 model 142 stepping 9 microcode 0xde, cx8, cmov, fxsr, ht, mmx, 3dnowpref, sse, sse2, sse3, ssse3, sse4.1, sse4.2, popcnt, lzcnt, tsc, tscinvbit, avx, avx2, aes, erms, clmul, bmi1, bmi2, adx, fma, vzeroupper, clflush, clflushopt

Memory: 4k page, system-wide physical 8107M (635M free)
TotalPageFile size 8107M (AvailPageFile size 39M)
current process WorkingSet (physical memory assigned to process): 36M, peak: 36M
current process commit charge ("private bytes"): 202M, peak: 202M

vm_info: Java HotSpot(TM) 64-Bit Server VM (17.0.8+9-LTS-211) for windows-amd64 JRE (17.0.8+9-LTS-211), built on Jun 14 2023 10:34:31 by "mach5one" with MS VC++ 17.1 (VS2022)

END.
