#
# There is insufficient memory for the Java Runtime Environment to continue.
# Native memory allocation (mmap) failed to map 134217728 bytes for G1 virtual space
# Possible reasons:
#   The system is out of physical RAM or swap space
#   The process is running with CompressedOops enabled, and the Java Heap may be blocking the growth of the native heap
# Possible solutions:
#   Reduce memory load on the system
#   Increase physical memory or swap space
#   Check if swap backing store is full
#   Decrease Java heap size (-Xmx/-Xms)
#   Decrease number of Java threads
#   Decrease Java thread stack sizes (-Xss)
#   Set larger code cache with -XX:ReservedCodeCacheSize=
#   JVM is running with Unscaled Compressed Oops mode in which the Java heap is
#     placed in the first 4GB address space. The Java Heap base address is the
#     maximum limit for the native heap growth. Please use -XX:HeapBaseMinAddress
#     to set the Java Heap base and to place the Java Heap above 4GB virtual address.
# This output file may be truncated or incomplete.
#
#  Out of Memory Error (os_windows.cpp:3550), pid=12180, tid=8592
#
# JRE version:  (17.0.8+9) (build )
# Java VM: Java HotSpot(TM) 64-Bit Server VM (17.0.8+9-LTS-211, mixed mode, sharing, tiered, compressed oops, compressed class ptrs, g1 gc, windows-amd64)
# No core dump will be written. Minidumps are not enabled by default on client versions of Windows
#

---------------  S U M M A R Y ------------

Command Line: -Dfile.encoding=windows-1252 -Duser.country=IN -Duser.language=en -Duser.variant in.learnjavaskills.updatebookedstatusservice.UpdateBookedStatusServiceApplication

Host: Intel(R) Core(TM) i3-7100U CPU @ 2.40GHz, 4 cores, 7G,  Windows 10 , 64 bit Build 19041 (10.0.19041.3636)
Time: Thu Dec 14 13:17:37 2023 India Standard Time elapsed time: 0.104528 seconds (0d 0h 0m 0s)

---------------  T H R E A D  ---------------

Current thread (0x0000023c5e40f700):  JavaThread "Unknown thread" [_thread_in_vm, id=8592, stack(0x000000e1f7300000,0x000000e1f7400000)]

Stack: [0x000000e1f7300000,0x000000e1f7400000]
Native frames: (J=compiled Java code, j=interpreted, Vv=VM code, C=native code)
V  [jvm.dll+0x677d0a]
V  [jvm.dll+0x7d8c54]
V  [jvm.dll+0x7da3fe]
V  [jvm.dll+0x7daa63]
V  [jvm.dll+0x245c5f]
V  [jvm.dll+0x674bb9]
V  [jvm.dll+0x6694f2]
V  [jvm.dll+0x3031d6]
V  [jvm.dll+0x30a756]
V  [jvm.dll+0x359f9e]
V  [jvm.dll+0x35a1cf]
V  [jvm.dll+0x2da3e8]
V  [jvm.dll+0x2db354]
V  [jvm.dll+0x7aa711]
V  [jvm.dll+0x367b51]
V  [jvm.dll+0x789979]
V  [jvm.dll+0x3eb05f]
V  [jvm.dll+0x3ecae1]
C  [jli.dll+0x5297]
C  [ucrtbase.dll+0x21bb2]
C  [KERNEL32.DLL+0x17344]
C  [ntdll.dll+0x526b1]


---------------  P R O C E S S  ---------------

Threads class SMR info:
_java_thread_list=0x00007ff8a33159d8, length=0, elements={
}

Java Threads: ( => current thread )

Other Threads:
  0x0000023c5e4685e0 GCTaskThread "GC Thread#0" [stack: 0x000000e1f7400000,0x000000e1f7500000] [id=2216]
  0x0000023c5e47a1c0 ConcurrentGCThread "G1 Main Marker" [stack: 0x000000e1f7500000,0x000000e1f7600000] [id=12048]
  0x0000023c5e47b280 ConcurrentGCThread "G1 Conc#0" [stack: 0x000000e1f7600000,0x000000e1f7700000] [id=10400]

[error occurred during error reporting (printing all threads), id 0xc0000005, EXCEPTION_ACCESS_VIOLATION (0xc0000005) at pc=0x00007ff8a2b4b047]

VM state: not at safepoint (not fully initialized)

VM Mutex/Monitor currently owned by a thread:  ([mutex/lock_event])
[0x0000023c5e40a3f0] Heap_lock - owner thread: 0x0000023c5e40f700

Heap address: 0x0000000081400000, size: 2028 MB, Compressed Oops mode: 32-bit

CDS archive(s) mapped at: [0x0000000000000000-0x0000000000000000-0x0000000000000000), size 0, SharedBaseAddress: 0x0000000800000000, ArchiveRelocationMode: 1.
Narrow klass base: 0x0000000000000000, Narrow klass shift: 0, Narrow klass range: 0x0

GC Precious Log:
<Empty>

Heap:
 garbage-first heap   total 0K, used 0K [0x0000000081400000, 0x0000000100000000)
  region size 1024K, 0 young (0K), 0 survivors (0K)

[error occurred during error reporting (printing heap information), id 0xc0000005, EXCEPTION_ACCESS_VIOLATION (0xc0000005) at pc=0x00007ff8a2f31499]

GC Heap History (0 events):
No events

Deoptimization events (0 events):
No events

Classes unloaded (0 events):
No events

Classes redefined (0 events):
No events

Internal exceptions (0 events):
No events

VM Operations (0 events):
No events

Events (1 events):
Event: 0.026 Loaded shared library C:\Program Files\Java\jdk-17\bin\java.dll


Dynamic libraries:
0x00007ff6b5030000 - 0x00007ff6b5040000 	C:\Program Files\Java\jdk-17\bin\java.exe
0x00007ff8f3290000 - 0x00007ff8f3488000 	C:\WINDOWS\SYSTEM32\ntdll.dll
0x00007ff8f15e0000 - 0x00007ff8f169d000 	C:\WINDOWS\System32\KERNEL32.DLL
0x00007ff8f0dc0000 - 0x00007ff8f10b6000 	C:\WINDOWS\System32\KERNELBASE.dll
0x00007ff8f0cc0000 - 0x00007ff8f0dc0000 	C:\WINDOWS\System32\ucrtbase.dll
0x00007ff8ce3b0000 - 0x00007ff8ce3c9000 	C:\Program Files\Java\jdk-17\bin\jli.dll
0x00007ff8cead0000 - 0x00007ff8ceaeb000 	C:\Program Files\Java\jdk-17\bin\VCRUNTIME140.dll
0x00007ff8f31a0000 - 0x00007ff8f324f000 	C:\WINDOWS\System32\ADVAPI32.dll
0x00007ff8f1c80000 - 0x00007ff8f1d1e000 	C:\WINDOWS\System32\msvcrt.dll
0x00007ff8f14e0000 - 0x00007ff8f157c000 	C:\WINDOWS\System32\sechost.dll
0x00007ff8f12f0000 - 0x00007ff8f1416000 	C:\WINDOWS\System32\RPCRT4.dll
0x00007ff8f2b00000 - 0x00007ff8f2c9e000 	C:\WINDOWS\System32\USER32.dll
0x00007ff8f0c00000 - 0x00007ff8f0c22000 	C:\WINDOWS\System32\win32u.dll
0x00007ff8e6ce0000 - 0x00007ff8e6f7a000 	C:\WINDOWS\WinSxS\amd64_microsoft.windows.common-controls_6595b64144ccf1df_6.0.19041.3636_none_60b6a03d71f818d5\COMCTL32.dll
0x00007ff8f2550000 - 0x00007ff8f257c000 	C:\WINDOWS\System32\GDI32.dll
0x00007ff8f09e0000 - 0x00007ff8f0afa000 	C:\WINDOWS\System32\gdi32full.dll
0x00007ff8f1250000 - 0x00007ff8f12ed000 	C:\WINDOWS\System32\msvcp_win.dll
0x00007ff8ea890000 - 0x00007ff8ea89a000 	C:\WINDOWS\SYSTEM32\VERSION.dll
0x00007ff8f1840000 - 0x00007ff8f1870000 	C:\WINDOWS\System32\IMM32.DLL
0x00007ff8ecd90000 - 0x00007ff8ecd9c000 	C:\Program Files\Java\jdk-17\bin\vcruntime140_1.dll
0x00007ff8cd3d0000 - 0x00007ff8cd45e000 	C:\Program Files\Java\jdk-17\bin\msvcp140.dll
0x00007ff8a2860000 - 0x00007ff8a343e000 	C:\Program Files\Java\jdk-17\bin\server\jvm.dll
0x00007ff8f14d0000 - 0x00007ff8f14d8000 	C:\WINDOWS\System32\PSAPI.DLL
0x00007ff8df320000 - 0x00007ff8df329000 	C:\WINDOWS\SYSTEM32\WSOCK32.dll
0x00007ff8e6c70000 - 0x00007ff8e6c97000 	C:\WINDOWS\SYSTEM32\WINMM.dll
0x00007ff8f1bf0000 - 0x00007ff8f1c5b000 	C:\WINDOWS\System32\WS2_32.dll
0x00007ff8ef1c0000 - 0x00007ff8ef1d2000 	C:\WINDOWS\SYSTEM32\kernel.appcore.dll
0x00007ff8ea7e0000 - 0x00007ff8ea7ea000 	C:\Program Files\Java\jdk-17\bin\jimage.dll
0x00007ff8ee6e0000 - 0x00007ff8ee8c4000 	C:\WINDOWS\SYSTEM32\DBGHELP.DLL
0x00007ff8de9d0000 - 0x00007ff8dea04000 	C:\WINDOWS\SYSTEM32\dbgcore.DLL
0x00007ff8f0c30000 - 0x00007ff8f0cb2000 	C:\WINDOWS\System32\bcryptPrimitives.dll
0x00007ff8cd920000 - 0x00007ff8cd945000 	C:\Program Files\Java\jdk-17\bin\java.dll

dbghelp: loaded successfully - version: 4.0.5 - missing functions: none
symbol engine: initialized successfully - sym options: 0x614 - pdb path: .;C:\Program Files\Java\jdk-17\bin;C:\WINDOWS\SYSTEM32;C:\WINDOWS\WinSxS\amd64_microsoft.windows.common-controls_6595b64144ccf1df_6.0.19041.3636_none_60b6a03d71f818d5;C:\Program Files\Java\jdk-17\bin\server

VM Arguments:
jvm_args: -Dfile.encoding=windows-1252 -Duser.country=IN -Duser.language=en -Duser.variant 
java_command: in.learnjavaskills.updatebookedstatusservice.UpdateBookedStatusServiceApplication
java_class_path (initial): G:\Intelij-WorkSpace\SpringBoot\spring-cloud-stream\kafka-stream\update-booked-status-service\build\classes\java\main;G:\Intelij-WorkSpace\SpringBoot\spring-cloud-stream\kafka-stream\update-booked-status-service\build\resources\main;C:\Users\Imran Shaikh\.gradle\caches\modules-2\files-2.1\org.springframework.cloud\spring-cloud-stream-binder-kafka-streams\4.0.4\ec9b6f46b1d4fbc24bc649171e83dca34ad34797\spring-cloud-stream-binder-kafka-streams-4.0.4.jar;C:\Users\Imran Shaikh\.gradle\caches\modules-2\files-2.1\org.apache.kafka\kafka-streams\3.4.1\34a015ffb1d600f348ae1c3fd3a64dcbc9314c30\kafka-streams-3.4.1.jar;C:\Users\Imran Shaikh\.gradle\caches\modules-2\files-2.1\org.springframework.cloud\spring-cloud-stream-binder-kafka-core\4.0.4\3dc2c2153438fa8c213355e1b36d15eacc4393c3\spring-cloud-stream-binder-kafka-core-4.0.4.jar;C:\Users\Imran Shaikh\.gradle\caches\modules-2\files-2.1\org.springframework.cloud\spring-cloud-stream\4.0.4\9a38c9a4422df9579c80efae8374e0af3fecf2ea\spring-cloud-stream-4.0.4.jar;C:\Users\Imran Shaikh\.gradle\caches\modules-2\files-2.1\org.springframework.integration\spring-integration-kafka\6.1.5\9f1d8594fc64406a893773580810edb3306628eb\spring-integration-kafka-6.1.5.jar;C:\Users\Imran Shaikh\.gradle\caches\modules-2\files-2.1\org.springframework.kafka\spring-kafka\3.0.13\b63ccf0d5147be95b861dae613a4abf722d3e421\spring-kafka-3.0.13.jar;C:\Users\Imran Shaikh\.gradle\caches\modules-2\files-2.1\org.apache.kafka\kafka-clients\3.4.1\a2f55251deb3d31a21903a0cfbd4d1fa6b7463ca\kafka-clients-3.4.1.jar;C:\Users\Imran Shaikh\.gradle\caches\modules-2\files-2.1\org.springframework.boot\spring-boot-starter-validation\3.1.6\4a4d1352bf52a82e36010f81561309d3dc6b1424\spring-boot-starter-validation-3.1.6.jar;C:\Users\Imran Shaikh\.gradle\caches\modules-2\files-2.1\org.springframework.boot\spring-boot-starter\3.1.6\87c6df827bb54d017ceec5f98c070e8642d23cdf\spring-boot-starter-3.1.6.jar;C:\Users\Imran Shaikh\.gradle\caches\modules-2\files-2.1\o
Launcher Type: SUN_STANDARD

[Global flags]
     intx CICompilerCount                          = 3                                         {product} {ergonomic}
     uint ConcGCThreads                            = 1                                         {product} {ergonomic}
     uint G1ConcRefinementThreads                  = 4                                         {product} {ergonomic}
   size_t G1HeapRegionSize                         = 1048576                                   {product} {ergonomic}
    uintx GCDrainStackTargetSize                   = 64                                        {product} {ergonomic}
   size_t InitialHeapSize                          = 134217728                                 {product} {ergonomic}
   size_t MarkStackSize                            = 4194304                                   {product} {ergonomic}
   size_t MaxHeapSize                              = 2126512128                                {product} {ergonomic}
   size_t MinHeapDeltaBytes                        = 1048576                                   {product} {ergonomic}
   size_t MinHeapSize                              = 8388608                                   {product} {ergonomic}
    uintx NonNMethodCodeHeapSize                   = 5832780                                {pd product} {ergonomic}
    uintx NonProfiledCodeHeapSize                  = 122912730                              {pd product} {ergonomic}
    uintx ProfiledCodeHeapSize                     = 122912730                              {pd product} {ergonomic}
    uintx ReservedCodeCacheSize                    = 251658240                              {pd product} {ergonomic}
     bool SegmentedCodeCache                       = true                                      {product} {ergonomic}
   size_t SoftMaxHeapSize                          = 2126512128                             {manageable} {ergonomic}
     bool UseCompressedClassPointers               = true                           {product lp64_product} {ergonomic}
     bool UseCompressedOops                        = true                           {product lp64_product} {ergonomic}
     bool UseG1GC                                  = true                                      {product} {ergonomic}
     bool UseLargePagesIndividualAllocation        = false                                  {pd product} {ergonomic}

Logging:
Log output configuration:
 #0: stdout all=warning uptime,level,tags
 #1: stderr all=off uptime,level,tags

Environment Variables:
JAVA_HOME=C:\Program Files\Java\jdk1.8.0_111
PATH=C:\Program Files\Common Files\Oracle\Java\javapath;C:\Program Files\Python37\Scripts\;C:\Program Files\Python37\;C:\Program Files (x86)\Common Files\Oracle\Java\javapath;C:\Program Files\bin;C:\Program Files (x86)\Intel\iCLS Client\;C:\Program Files\Intel\iCLS Client\;C:\ProgramData\Oracle\Java\javapath;C:\Program Files\Java\jdk1.8.0_111\bin;C:\Program Files (x86)\Intel\Intel(R) Management Engine Components\DAL;C:\Program Files\Intel\Intel(R) Management Engine Components\DAL;C:\Program Files (x86)\Intel\Intel(R) Management Engine Components\IPT;C:\Program Files\Intel\Intel(R) Management Engine Components\IPT;C:\WINDOWS\system32;C:\WINDOWS;C:\WINDOWS\System32\Wbem;C:\WINDOWS\System32\WindowsPowerShell\v1.0\;C:\WINDOWS\System32\OpenSSH\;C:\Program Files\apache-maven-3.6.3\bin;G:\Putty\Putty setup\;G:\project\gdcmlib;C:\Program Files\Java\jdk-17\bin;C:\Program Files\Git\cmd;C:\Users\Imran Shaikh\AppData\Local\Microsoft\WindowsApps;C:\Program Files\Php;;C:\Users\Imran Shaikh\.ebcli-virtual-env\executables;C:\Users\Imran Shaikh\AppData\Local\Programs\Microsoft VS Code\bin
USERNAME=Imran Shaikh
OS=Windows_NT
PROCESSOR_IDENTIFIER=Intel64 Family 6 Model 142 Stepping 9, GenuineIntel



---------------  S Y S T E M  ---------------

OS:
 Windows 10 , 64 bit Build 19041 (10.0.19041.3636)
OS uptime: 3 days 16:39 hours

CPU: total 4 (initial active 4) (2 cores per cpu, 2 threads per core) family 6 model 142 stepping 9 microcode 0xde, cx8, cmov, fxsr, ht, mmx, 3dnowpref, sse, sse2, sse3, ssse3, sse4.1, sse4.2, popcnt, lzcnt, tsc, tscinvbit, avx, avx2, aes, erms, clmul, bmi1, bmi2, adx, fma, vzeroupper, clflush, clflushopt

Memory: 4k page, system-wide physical 8107M (885M free)
TotalPageFile size 8107M (AvailPageFile size 91M)
current process WorkingSet (physical memory assigned to process): 10M, peak: 10M
current process commit charge ("private bytes"): 51M, peak: 179M

vm_info: Java HotSpot(TM) 64-Bit Server VM (17.0.8+9-LTS-211) for windows-amd64 JRE (17.0.8+9-LTS-211), built on Jun 14 2023 10:34:31 by "mach5one" with MS VC++ 17.1 (VS2022)

END.
